<?xml version="1.0" encoding="UTF-8" standalone="yes"?><!DOCTYPE report PUBLIC "-//JACOCO//DTD Report 1.1//EN" "report.dtd"><report name="apitesting"><sessioninfo id="LAPTOP-AJA-5fb8f87d" start="1714324721579" dump="1714324725814"/><sessioninfo id="LAPTOP-AJA-d259456d" start="1714324846425" dump="1714324850781"/><sessioninfo id="LAPTOP-AJA-53841a85" start="1714327479420" dump="1714327486266"/><sessioninfo id="LAPTOP-AJA-d7c962d8" start="1714546838501" dump="1714546845601"/><sessioninfo id="LAPTOP-AJA-192fba34" start="1714547001757" dump="1714547008694"/><sessioninfo id="LAPTOP-AJA-b4d828fb" start="1714547103353" dump="1714547110565"/><sessioninfo id="LAPTOP-AJA-129ab485" start="1714547144385" dump="1714547150808"/><sessioninfo id="LAPTOP-AJA-3f230101" start="1714547323219" dump="1714547329855"/><sessioninfo id="LAPTOP-AJA-6fc67b49" start="1714547369765" dump="1714547376314"/><sessioninfo id="LAPTOP-AJA-9fabca4f" start="1714547397727" dump="1714547404289"/><sessioninfo id="LAPTOP-AJA-bb234beb" start="1714547551012" dump="1714547557691"/><sessioninfo id="LAPTOP-AJA-6f19f151" start="1714547652671" dump="1714547660323"/><sessioninfo id="LAPTOP-AJA-2b53c43c" start="1714559760693" dump="1714559770180"/><sessioninfo id="LAPTOP-AJA-a2384a07" start="1714710587989" dump="1714710600275"/><sessioninfo id="LAPTOP-AJA-71431594" start="1714710755328" dump="1714710767051"/><sessioninfo id="LAPTOP-AJA-a98f83a6" start="1714710840197" dump="1714710851577"/><sessioninfo id="LAPTOP-AJA-8c8b906f" start="1714711021496" dump="1714711033235"/><sessioninfo id="LAPTOP-AJA-850af556" start="1714711096802" dump="1714711108754"/><sessioninfo id="LAPTOP-AJA-1ebcbf5e" start="1714711173137" dump="1714711191150"/><sessioninfo id="LAPTOP-AJA-6b0803d7" start="1714907793904" dump="1714907805765"/><sessioninfo id="LAPTOP-AJA-65547699" start="1714908142054" dump="1714908153501"/><sessioninfo id="LAPTOP-AJA-66630b7f" start="1714909514142" dump="1714909525251"/><sessioninfo id="LAPTOP-AJA-71c3cae3" start="1714909548566" dump="1714909559935"/><sessioninfo id="LAPTOP-AJA-5829ae85" start="1714909762130" dump="1714909773841"/><sessioninfo id="LAPTOP-AJA-3df69fd" start="1714909924046" dump="1714909935240"/><package name="com/ppl"><class name="com/ppl/App" sourcefilename="App.java"><method name="main" desc="([Ljava/lang/String;)V" line="15"><counter type="INSTRUCTION" missed="4" covered="0"/><counter type="LINE" missed="2" covered="0"/><counter type="COMPLEXITY" missed="1" covered="0"/><counter type="METHOD" missed="1" covered="0"/></method><counter type="INSTRUCTION" missed="4" covered="0"/><counter type="LINE" missed="2" covered="0"/><counter type="COMPLEXITY" missed="1" covered="0"/><counter type="METHOD" missed="1" covered="0"/><counter type="CLASS" missed="1" covered="0"/></class><sourcefile name="App.java"><line nr="15" mi="3" ci="0" mb="0" cb="0"/><line nr="16" mi="1" ci="0" mb="0" cb="0"/><counter type="INSTRUCTION" missed="4" covered="0"/><counter type="LINE" missed="2" covered="0"/><counter type="COMPLEXITY" missed="1" covered="0"/><counter type="METHOD" missed="1" covered="0"/><counter type="CLASS" missed="1" covered="0"/></sourcefile><counter type="INSTRUCTION" missed="4" covered="0"/><counter type="LINE" missed="2" covered="0"/><counter type="COMPLEXITY" missed="1" covered="0"/><counter type="METHOD" missed="1" covered="0"/><counter type="CLASS" missed="1" covered="0"/></package><counter type="INSTRUCTION" missed="4" covered="0"/><counter type="LINE" missed="2" covered="0"/><counter type="COMPLEXITY" missed="1" covered="0"/><counter type="METHOD" missed="1" covered="0"/><counter type="CLASS" missed="1" covered="0"/></report>